c:\users\markm\source\repos\randomepisodegenerator\wxwidgets\release\vc142.pdb
c:\users\markm\source\repos\randomepisodegenerator\wxwidgets\release\randomepisode.obj
c:\users\markm\source\repos\randomepisodegenerator\wxwidgets\release\directoryhandler.obj
c:\users\markm\source\repos\randomepisodegenerator\wxwidgets\release\cmain.obj
c:\users\markm\source\repos\randomepisodegenerator\wxwidgets\release\capp.obj
c:\users\markm\documents\github\random-media-picker\wxwidgets\release\vc142.pdb
c:\users\markm\documents\github\random-media-picker\wxwidgets\release\cmain.obj
c:\users\markm\documents\github\random-media-picker\wxwidgets\release\capp.obj
c:\users\markm\documents\github\random-media-picker\wxwidgets\release\randomepisode.obj
c:\users\markm\documents\github\random-media-picker\wxwidgets\release\directoryhandler.obj
c:\users\markm\documents\github\random-media-picker\wxwidgets\release\vc143.pdb
c:\users\markm\source\repos\randomepisodegenerator\release\randomepisodeviewer.exe
c:\users\markm\source\repos\randomepisodegenerator\wxwidgets\release\randomepisodeviewer.iobj
c:\users\markm\source\repos\randomepisodegenerator\release\randomepisodeviewer.pdb
c:\users\markm\documents\github\random-media-picker\wxwidgets\release\randomepisodeviewer.ipdb
c:\users\markm\documents\github\random-media-picker\wxwidgets\release\randomepisodeviewer.iobj
c:\users\markm\documents\github\random-media-picker\release\randomepisodeviewer.pdb
c:\users\markm\documents\github\random-media-picker\wxwidgets\release\randomep.cf2e9751.tlog\cl.command.1.tlog
c:\users\markm\documents\github\random-media-picker\wxwidgets\release\randomep.cf2e9751.tlog\cl.read.1.tlog
c:\users\markm\documents\github\random-media-picker\wxwidgets\release\randomep.cf2e9751.tlog\cl.write.1.tlog
c:\users\markm\documents\github\random-media-picker\wxwidgets\release\randomep.cf2e9751.tlog\link.command.1.tlog
c:\users\markm\documents\github\random-media-picker\wxwidgets\release\randomep.cf2e9751.tlog\link.read.1.tlog
c:\users\markm\documents\github\random-media-picker\wxwidgets\release\randomep.cf2e9751.tlog\link.write.1.tlog
